Using pre-set license
Built from '2020.2/release' branch; Version is '2020.2.4f1 (becced5a802b) revision 12504301'; Using compiler version '192528614'; Build Type 'Release'
OS: 'Windows 10 Home; OS build 19042.804; Version 2009; 64bit' Language: 'en' Physical Memory: 16309 MB
BatchMode: 1, IsHumanControllingUs: 0, StartBugReporterOnCrash: 0, Is64bit: 1, IsPro: 0

 COMMAND LINE ARGUMENTS:
D:\Unity\Editor\Unity.exe
-adb2
-batchMode
-noUpm
-name
AssetImportWorker0
-projectPath
D:/Podium/Podium/New Unity Project
-logFile
Logs/AssetImportWorker0.log
-srvPort
49347
Successfully changed project path to: D:/Podium/Podium/New Unity Project
D:/Podium/Podium/New Unity Project
Using Asset Import Pipeline V2.
Refreshing native plugins compatible for Editor in 15.83 ms, found 0 plugins.
Preloading 0 native plugins for Editor in 0.00 ms.
Initialize engine version: 2020.2.4f1 (becced5a802b)
[Subsystems] Discovering subsystems at path D:/Unity/Editor/Data/Resources/UnitySubsystems
[Subsystems] Discovering subsystems at path D:/Podium/Podium/New Unity Project/Assets
GfxDevice: creating device client; threaded=0
Direct3D:
    Version:  Direct3D 11.0 [level 11.1]
    Renderer: RX6800 XT (ID=0x73bf)
    Vendor:   
    VRAM:     16339 MB
    Driver:   27.20.14501.15002
Initialize mono
Mono path[0] = 'D:/Unity/Editor/Data/Managed'
Mono path[1] = 'D:/Unity/Editor/Data/MonoBleedingEdge/lib/mono/unityjit'
Mono config path = 'D:/Unity/Editor/Data/MonoBleedingEdge/etc'
Using monoOptions --debugger-agent=transport=dt_socket,embedding=1,server=y,suspend=n,address=127.0.0.1:56792
Begin MonoManager ReloadAssembly
Registering precompiled unity dll's ...
Register platform support module: D:/Unity/Editor/Data/PlaybackEngines/WindowsStandaloneSupport/UnityEditor.WindowsStandalone.Extensions.dll
Registered in 0.000673 seconds.
Native extension for WindowsStandalone target not found
Refreshing native plugins compatible for Editor in 15.31 ms, found 0 plugins.
Preloading 0 native plugins for Editor in 0.00 ms.
Invoked RoslynAnalysisRunner static constructor.
RoslynAnalysisRunner will not be running.
RoslynAnalysisRunner has terminated.
Mono: successfully reloaded assembly
- Completed reload, in  0.503 seconds
Platform modules already initialized, skipping
Registering precompiled user dll's ...
Registered in 0.000433 seconds.
Begin MonoManager ReloadAssembly
Native extension for WindowsStandalone target not found
Refreshing native plugins compatible for Editor in 0.24 ms, found 0 plugins.
Preloading 0 native plugins for Editor in 0.00 ms.
Invoked RoslynAnalysisRunner static constructor.
RoslynAnalysisRunner will not be running.
RoslynAnalysisRunner has terminated.
Mono: successfully reloaded assembly
- Completed reload, in  0.471 seconds
Platform modules already initialized, skipping
========================================================================
Worker process is ready to serve import requests
Launched and connected shader compiler UnityShaderCompiler.exe after 0.03 seconds
Refreshing native plugins compatible for Editor in 0.21 ms, found 0 plugins.
Preloading 0 native plugins for Editor in 0.00 ms.
Unloading 1139 Unused Serialized files (Serialized files now loaded: 0)
System memory in use before: 69.5 MB.
System memory in use after: 69.6 MB.

Unloading 10 unused Assets to reduce memory usage. Loaded Objects now: 1600.
Total: 1.711000 ms (FindLiveObjects: 0.182900 ms CreateObjectMapping: 0.038500 ms MarkObjects: 1.437500 ms  DeleteObjects: 0.050800 ms)

========================================================================
Received Import Request.
  path: Assets/NetPeer/CommandHandler.cs
  artifactKey: Guid(e0951bb7e64d0a74fa16f0102a9f3266) Importer(815301076,1909f56bfc062723c751e8b465ee728b)
Start importing Assets/NetPeer/CommandHandler.cs using Guid(e0951bb7e64d0a74fa16f0102a9f3266) Importer(815301076,1909f56bfc062723c751e8b465ee728b)  -> (artifact id: 'b9aa7a0d23f73af01b095f881fb77c63') in 0.022587 seconds
  Import took 0.024292 seconds .

========================================================================
Received Import Request.
  Time since last request: 14.347879 seconds.
  path: Assets/presentationScreen.cs
  artifactKey: Guid(368c0b2cb10e8874c8974e93ae5db154) Importer(815301076,1909f56bfc062723c751e8b465ee728b)
Start importing Assets/presentationScreen.cs using Guid(368c0b2cb10e8874c8974e93ae5db154) Importer(815301076,1909f56bfc062723c751e8b465ee728b)  -> (artifact id: 'eb1026d0d26a68b707dd94fd5aa23d84') in 0.005224 seconds
  Import took 0.006939 seconds .

========================================================================
Received Import Request.
  Time since last request: 0.013114 seconds.
  path: Assets/presentationScreen.cs
  artifactKey: Guid(368c0b2cb10e8874c8974e93ae5db154) Importer(815301076,1909f56bfc062723c751e8b465ee728b)
Start importing Assets/presentationScreen.cs using Guid(368c0b2cb10e8874c8974e93ae5db154) Importer(815301076,1909f56bfc062723c751e8b465ee728b)  -> (artifact id: 'eb1026d0d26a68b707dd94fd5aa23d84') in 0.001887 seconds
  Import took 0.003569 seconds .

========================================================================
Received Prepare
Refreshing native plugins compatible for Editor in 0.46 ms, found 0 plugins.
Preloading 0 native plugins for Editor in 0.00 ms.
Unloading 4 Unused Serialized files (Serialized files now loaded: 0)
System memory in use before: 46.9 MB.
System memory in use after: 47.0 MB.

Unloading 3 unused Assets to reduce memory usage. Loaded Objects now: 1600.
Total: 1.739200 ms (FindLiveObjects: 0.123400 ms CreateObjectMapping: 0.035600 ms MarkObjects: 1.568300 ms  DeleteObjects: 0.011000 ms)

========================================================================
Received Prepare
Refreshing native plugins compatible for Editor in 1.08 ms, found 0 plugins.
Preloading 0 native plugins for Editor in 0.00 ms.
Unloading 4 Unused Serialized files (Serialized files now loaded: 0)
System memory in use before: 47.0 MB.
System memory in use after: 47.1 MB.

Unloading 3 unused Assets to reduce memory usage. Loaded Objects now: 1600.
Total: 1.766200 ms (FindLiveObjects: 0.175000 ms CreateObjectMapping: 0.044500 ms MarkObjects: 1.537400 ms  DeleteObjects: 0.008800 ms)

AssetImportWorkerClient::OnTransportError - code=2 error=End of file
